2026-03-30 11:10:03,782 - INFO - ============================================================
2026-03-30 11:10:03,782 - INFO - INICIANDO PIPELINE ETL
2026-03-30 11:10:03,783 - INFO - ============================================================
2026-03-30 11:10:03,783 - INFO - 
[1/3] EXTRAYENDO DATOS...
2026-03-30 11:10:08,694 - ERROR - 
============================================================
2026-03-30 11:10:08,696 - ERROR - ============================================================
2026-03-30 11:17:11,493 - INFO - ============================================================
2026-03-30 11:17:11,494 - INFO - INICIANDO PIPELINE ETL
2026-03-30 11:17:11,495 - INFO - ============================================================
2026-03-30 11:17:11,495 - INFO - 
[1/3] EXTRAYENDO DATOS...
2026-03-30 11:17:12,507 - ERROR - 
============================================================
2026-03-30 11:17:12,514 - ERROR - ============================================================
2026-03-30 11:19:52,355 - INFO - ============================================================
2026-03-30 11:19:52,356 - INFO - INICIANDO PIPELINE ETL
2026-03-30 11:19:52,356 - INFO - ============================================================
2026-03-30 11:19:52,357 - INFO - 
[1/3] EXTRAYENDO DATOS...
2026-03-30 11:19:53,648 - INFO - 
[2/3] TRANSFORMANDO DATOS...
2026-03-30 11:19:53,668 - INFO - 
[3/3] CARGANDO DATOS...
2026-03-30 11:19:53,692 - INFO - 
============================================================
2026-03-30 11:19:53,694 - INFO - ============================================================
2026-03-30 11:20:25,361 - INFO - ============================================================
2026-03-30 11:20:25,361 - INFO - INICIANDO PIPELINE ETL
2026-03-30 11:20:25,362 - INFO - ============================================================
2026-03-30 11:20:25,362 - INFO - 
[1/3] EXTRAYENDO DATOS...
2026-03-30 11:20:26,656 - INFO - 
[2/3] TRANSFORMANDO DATOS...
2026-03-30 11:20:26,671 - INFO - 
[3/3] CARGANDO DATOS...
2026-03-30 11:20:26,680 - INFO - 
============================================================
2026-03-30 11:20:26,684 - INFO - ============================================================
2026-03-30 11:24:40,855 - INFO - ============================================================
2026-03-30 11:24:40,856 - INFO - INICIANDO PIPELINE ETL
2026-03-30 11:24:40,857 - INFO - ============================================================
2026-03-30 11:24:40,857 - INFO - 
[1/3] EXTRAYENDO DATOS...
2026-03-30 11:24:42,215 - INFO - 
[2/3] TRANSFORMANDO DATOS...
2026-03-30 11:24:42,218 - INFO - 
[3/3] CARGANDO DATOS...
2026-03-30 11:24:42,220 - INFO - 
============================================================
2026-03-30 11:24:42,222 - INFO - ============================================================
2026-03-30 11:27:18,528 - INFO - ============================================================
2026-03-30 11:27:18,529 - INFO - INICIANDO PIPELINE ETL
2026-03-30 11:27:18,529 - INFO - ============================================================
2026-03-30 11:27:18,529 - INFO - 
[1/3] EXTRAYENDO DATOS...
2026-03-30 11:27:19,661 - INFO - Extracción completada
2026-03-30 11:27:19,718 - INFO - 
[2/3] TRANSFORMANDO DATOS...
2026-03-30 11:27:19,722 - INFO - 
[3/3] CARGANDO DATOS...
2026-03-30 11:27:19,724 - INFO - 
============================================================
2026-03-30 11:27:19,726 - INFO - ============================================================
2026-03-30 11:43:55,875 - INFO - ============================================================
2026-03-30 11:43:55,875 - INFO - INICIANDO PIPELINE ETL
2026-03-30 11:43:55,875 - INFO - ============================================================
2026-03-30 11:43:55,876 - INFO - 
[1/3] EXTRAYENDO DATOS...
2026-03-30 11:43:57,455 - INFO - Extracción completada
2026-03-30 11:43:57,472 - INFO - 
[2/3] TRANSFORMANDO DATOS...
2026-03-30 11:43:57,491 - INFO - 
[3/3] CARGANDO DATOS...
2026-03-30 11:43:57,496 - INFO - 
============================================================
2026-03-30 11:43:57,502 - INFO - ============================================================
2026-03-30 12:49:14,793 - INFO - ============================================================
2026-03-30 12:49:14,796 - INFO - INICIANDO PIPELINE ETL
2026-03-30 12:49:14,796 - INFO - ============================================================
2026-03-30 12:49:14,797 - INFO - 
[1/3] EXTRAYENDO DATOS...
2026-03-30 12:49:16,135 - INFO - Extracción completada
2026-03-30 12:49:16,158 - INFO - 
[2/3] TRANSFORMANDO DATOS...
2026-03-30 12:49:16,183 - ERROR - 
============================================================
2026-03-30 12:49:16,191 - ERROR - ============================================================
2026-03-30 12:53:35,954 - INFO - ============================================================
2026-03-30 12:53:35,955 - INFO - INICIANDO PIPELINE ETL
2026-03-30 12:53:35,956 - INFO - ============================================================
2026-03-30 12:53:35,956 - INFO - 
[1/3] EXTRAYENDO DATOS...
2026-03-30 12:53:38,041 - INFO - Extracción completada
2026-03-30 12:53:38,099 - INFO - 
[2/3] TRANSFORMANDO DATOS...
2026-03-30 12:53:38,262 - ERROR - 
============================================================
2026-03-30 12:53:38,271 - ERROR - ============================================================
2026-03-30 12:56:18,713 - INFO - ============================================================
2026-03-30 12:56:18,713 - INFO - INICIANDO PIPELINE ETL
2026-03-30 12:56:18,714 - INFO - ============================================================
2026-03-30 12:56:18,714 - INFO - 
[1/3] EXTRAYENDO DATOS...
2026-03-30 12:56:20,200 - INFO - Extracción completada
2026-03-30 12:56:20,220 - INFO - 
[2/3] TRANSFORMANDO DATOS...
2026-03-30 12:56:20,306 - ERROR - 
============================================================
2026-03-30 12:56:20,309 - ERROR - ============================================================
2026-03-30 12:59:30,977 - INFO - ============================================================
2026-03-30 12:59:30,978 - INFO - INICIANDO PIPELINE ETL
2026-03-30 12:59:30,978 - INFO - ============================================================
2026-03-30 12:59:30,978 - INFO - 
[1/3] EXTRAYENDO DATOS...
2026-03-30 12:59:32,485 - INFO - Extracción completada
2026-03-30 12:59:32,504 - INFO - 
[2/3] TRANSFORMANDO DATOS...
2026-03-30 12:59:32,594 - INFO - 
[3/3] CARGANDO DATOS...
2026-03-30 12:59:32,599 - INFO - 
============================================================
2026-03-30 12:59:32,606 - INFO - ============================================================
2026-03-30 13:03:34,527 - INFO - ============================================================
2026-03-30 13:03:34,528 - INFO - INICIANDO PIPELINE ETL
2026-03-30 13:03:34,528 - INFO - ============================================================
2026-03-30 13:03:34,529 - INFO - 
[1/3] EXTRAYENDO DATOS...
2026-03-30 13:03:36,115 - INFO - 
[2/3] TRANSFORMANDO DATOS...
2026-03-30 13:03:36,173 - INFO - 
[3/3] CARGANDO DATOS...
2026-03-30 13:03:36,692 - INFO - 
============================================================
2026-03-30 13:03:36,694 - INFO - ============================================================
